[2.599s] Invoking command in '/home/ubuntu2204/pseudo_rgbd_slam/pseudo_rgbd_slam': CONDA_PROMPT_MODIFIER=(slam_env) PYTHONPATH=/home/ubuntu2204/pseudo_rgbd_slam/build/pseudo_rgbd_slam/prefix_override:/usr/lib/python3/dist-packages/colcon_core/task/python/colcon_distutils_commands:/home/ubuntu2204/pseudo_rgbd_slam/install/pseudo_rgbd_slam/lib/python3.10/site-packages:${PYTHONPATH} /usr/bin/python3 -W ignore:setup.py install is deprecated -W ignore:easy_install command is deprecated setup.py egg_info --egg-base ../build/pseudo_rgbd_slam build --build-base /home/ubuntu2204/pseudo_rgbd_slam/build/pseudo_rgbd_slam/build install --record /home/ubuntu2204/pseudo_rgbd_slam/build/pseudo_rgbd_slam/install.log --single-version-externally-managed install_data
[2.888s] running egg_info
[2.890s] writing ../build/pseudo_rgbd_slam/pseudo_rgbd_slam.egg-info/PKG-INFO
[2.891s] writing dependency_links to ../build/pseudo_rgbd_slam/pseudo_rgbd_slam.egg-info/dependency_links.txt
[2.891s] writing entry points to ../build/pseudo_rgbd_slam/pseudo_rgbd_slam.egg-info/entry_points.txt
[2.892s] writing requirements to ../build/pseudo_rgbd_slam/pseudo_rgbd_slam.egg-info/requires.txt
[2.892s] writing top-level names to ../build/pseudo_rgbd_slam/pseudo_rgbd_slam.egg-info/top_level.txt
[2.896s] reading manifest file '../build/pseudo_rgbd_slam/pseudo_rgbd_slam.egg-info/SOURCES.txt'
[2.896s] adding license file 'LICENSE'
[2.897s] writing manifest file '../build/pseudo_rgbd_slam/pseudo_rgbd_slam.egg-info/SOURCES.txt'
[2.898s] running build
[2.898s] running build_py
[2.898s] running install
[2.899s] running install_lib
[2.903s] running install_data
[2.903s] copying package.xml -> /home/ubuntu2204/pseudo_rgbd_slam/install/pseudo_rgbd_slam/share/pseudo_rgbd_slam
[2.905s] running install_egg_info
[2.910s] removing '/home/ubuntu2204/pseudo_rgbd_slam/install/pseudo_rgbd_slam/lib/python3.10/site-packages/pseudo_rgbd_slam-0.0.0-py3.10.egg-info' (and everything under it)
[2.913s] Copying ../build/pseudo_rgbd_slam/pseudo_rgbd_slam.egg-info to /home/ubuntu2204/pseudo_rgbd_slam/install/pseudo_rgbd_slam/lib/python3.10/site-packages/pseudo_rgbd_slam-0.0.0-py3.10.egg-info
[2.917s] running install_scripts
[2.950s] writing list of installed files to '/home/ubuntu2204/pseudo_rgbd_slam/build/pseudo_rgbd_slam/install.log'
[3.044s] Invoked command in '/home/ubuntu2204/pseudo_rgbd_slam/pseudo_rgbd_slam' returned '0': CONDA_PROMPT_MODIFIER=(slam_env) PYTHONPATH=/home/ubuntu2204/pseudo_rgbd_slam/build/pseudo_rgbd_slam/prefix_override:/usr/lib/python3/dist-packages/colcon_core/task/python/colcon_distutils_commands:/home/ubuntu2204/pseudo_rgbd_slam/install/pseudo_rgbd_slam/lib/python3.10/site-packages:${PYTHONPATH} /usr/bin/python3 -W ignore:setup.py install is deprecated -W ignore:easy_install command is deprecated setup.py egg_info --egg-base ../build/pseudo_rgbd_slam build --build-base /home/ubuntu2204/pseudo_rgbd_slam/build/pseudo_rgbd_slam/build install --record /home/ubuntu2204/pseudo_rgbd_slam/build/pseudo_rgbd_slam/install.log --single-version-externally-managed install_data
