running egg_info
creating ../build/pseudo_rgbd_slam/pseudo_rgbd_slam.egg-info
writing ../build/pseudo_rgbd_slam/pseudo_rgbd_slam.egg-info/PKG-INFO
writing dependency_links to ../build/pseudo_rgbd_slam/pseudo_rgbd_slam.egg-info/dependency_links.txt
writing entry points to ../build/pseudo_rgbd_slam/pseudo_rgbd_slam.egg-info/entry_points.txt
writing requirements to ../build/pseudo_rgbd_slam/pseudo_rgbd_slam.egg-info/requires.txt
writing top-level names to ../build/pseudo_rgbd_slam/pseudo_rgbd_slam.egg-info/top_level.txt
writing manifest file '../build/pseudo_rgbd_slam/pseudo_rgbd_slam.egg-info/SOURCES.txt'
reading manifest file '../build/pseudo_rgbd_slam/pseudo_rgbd_slam.egg-info/SOURCES.txt'
adding license file 'LICENSE'
writing manifest file '../build/pseudo_rgbd_slam/pseudo_rgbd_slam.egg-info/SOURCES.txt'
running build
running build_py
creating /home/ubuntu2204/pseudo_rgbd_slam/build/pseudo_rgbd_slam/build
creating /home/ubuntu2204/pseudo_rgbd_slam/build/pseudo_rgbd_slam/build/lib
creating /home/ubuntu2204/pseudo_rgbd_slam/build/pseudo_rgbd_slam/build/lib/pseudo_rgbd_slam
copying pseudo_rgbd_slam/__init__.py -> /home/ubuntu2204/pseudo_rgbd_slam/build/pseudo_rgbd_slam/build/lib/pseudo_rgbd_slam
running install
running install_lib
creating /home/ubuntu2204/pseudo_rgbd_slam/install/pseudo_rgbd_slam/lib/python3.10/site-packages/pseudo_rgbd_slam
copying /home/ubuntu2204/pseudo_rgbd_slam/build/pseudo_rgbd_slam/build/lib/pseudo_rgbd_slam/__init__.py -> /home/ubuntu2204/pseudo_rgbd_slam/install/pseudo_rgbd_slam/lib/python3.10/site-packages/pseudo_rgbd_slam
byte-compiling /home/ubuntu2204/pseudo_rgbd_slam/install/pseudo_rgbd_slam/lib/python3.10/site-packages/pseudo_rgbd_slam/__init__.py to __init__.cpython-310.pyc
running install_data
creating /home/ubuntu2204/pseudo_rgbd_slam/install/pseudo_rgbd_slam/share
creating /home/ubuntu2204/pseudo_rgbd_slam/install/pseudo_rgbd_slam/share/ament_index
creating /home/ubuntu2204/pseudo_rgbd_slam/install/pseudo_rgbd_slam/share/ament_index/resource_index
creating /home/ubuntu2204/pseudo_rgbd_slam/install/pseudo_rgbd_slam/share/ament_index/resource_index/packages
copying resource/pseudo_rgbd_slam -> /home/ubuntu2204/pseudo_rgbd_slam/install/pseudo_rgbd_slam/share/ament_index/resource_index/packages
creating /home/ubuntu2204/pseudo_rgbd_slam/install/pseudo_rgbd_slam/share/pseudo_rgbd_slam
copying package.xml -> /home/ubuntu2204/pseudo_rgbd_slam/install/pseudo_rgbd_slam/share/pseudo_rgbd_slam
running install_egg_info
Copying ../build/pseudo_rgbd_slam/pseudo_rgbd_slam.egg-info to /home/ubuntu2204/pseudo_rgbd_slam/install/pseudo_rgbd_slam/lib/python3.10/site-packages/pseudo_rgbd_slam-0.0.0-py3.10.egg-info
running install_scripts
writing list of installed files to '/home/ubuntu2204/pseudo_rgbd_slam/build/pseudo_rgbd_slam/install.log'
