[1.665s] Invoking command in '/home/ubuntu2204/pseudo_rgbd_slam/pseudo_rgbd_slam': CONDA_PROMPT_MODIFIER=(slam_env) PYTHONPATH=/home/ubuntu2204/pseudo_rgbd_slam/build/pseudo_rgbd_slam/prefix_override:/usr/lib/python3/dist-packages/colcon_core/task/python/colcon_distutils_commands:/home/ubuntu2204/pseudo_rgbd_slam/install/pseudo_rgbd_slam/lib/python3.10/site-packages:${PYTHONPATH} /usr/bin/python3 -W ignore:setup.py install is deprecated -W ignore:easy_install command is deprecated setup.py egg_info --egg-base ../build/pseudo_rgbd_slam build --build-base /home/ubuntu2204/pseudo_rgbd_slam/build/pseudo_rgbd_slam/build install --record /home/ubuntu2204/pseudo_rgbd_slam/build/pseudo_rgbd_slam/install.log --single-version-externally-managed install_data
[1.904s] running egg_info
[1.905s] writing ../build/pseudo_rgbd_slam/pseudo_rgbd_slam.egg-info/PKG-INFO
[1.908s] writing dependency_links to ../build/pseudo_rgbd_slam/pseudo_rgbd_slam.egg-info/dependency_links.txt
[1.909s] writing entry points to ../build/pseudo_rgbd_slam/pseudo_rgbd_slam.egg-info/entry_points.txt
[1.910s] writing requirements to ../build/pseudo_rgbd_slam/pseudo_rgbd_slam.egg-info/requires.txt
[1.910s] writing top-level names to ../build/pseudo_rgbd_slam/pseudo_rgbd_slam.egg-info/top_level.txt
[1.915s] reading manifest file '../build/pseudo_rgbd_slam/pseudo_rgbd_slam.egg-info/SOURCES.txt'
[1.921s] adding license file 'LICENSE'
[1.922s] writing manifest file '../build/pseudo_rgbd_slam/pseudo_rgbd_slam.egg-info/SOURCES.txt'
[1.923s] running build
[1.923s] running build_py
[1.925s] copying pseudo_rgbd_slam/node_a_broadcaster.py -> /home/ubuntu2204/pseudo_rgbd_slam/build/pseudo_rgbd_slam/build/lib/pseudo_rgbd_slam
[1.929s] running install
[1.929s] running install_lib
[1.937s] copying /home/ubuntu2204/pseudo_rgbd_slam/build/pseudo_rgbd_slam/build/lib/pseudo_rgbd_slam/node_a_broadcaster.py -> /home/ubuntu2204/pseudo_rgbd_slam/install/pseudo_rgbd_slam/lib/python3.10/site-packages/pseudo_rgbd_slam
[1.939s] byte-compiling /home/ubuntu2204/pseudo_rgbd_slam/install/pseudo_rgbd_slam/lib/python3.10/site-packages/pseudo_rgbd_slam/node_a_broadcaster.py to node_a_broadcaster.cpython-310.pyc
[1.941s] running install_data
[1.941s] running install_egg_info
[1.943s] removing '/home/ubuntu2204/pseudo_rgbd_slam/install/pseudo_rgbd_slam/lib/python3.10/site-packages/pseudo_rgbd_slam-0.0.0-py3.10.egg-info' (and everything under it)
[1.953s] Copying ../build/pseudo_rgbd_slam/pseudo_rgbd_slam.egg-info to /home/ubuntu2204/pseudo_rgbd_slam/install/pseudo_rgbd_slam/lib/python3.10/site-packages/pseudo_rgbd_slam-0.0.0-py3.10.egg-info
[1.957s] running install_scripts
[1.992s] Installing node_a_broadcaster script to /home/ubuntu2204/pseudo_rgbd_slam/install/pseudo_rgbd_slam/lib/pseudo_rgbd_slam
[1.998s] writing list of installed files to '/home/ubuntu2204/pseudo_rgbd_slam/build/pseudo_rgbd_slam/install.log'
[2.077s] Invoked command in '/home/ubuntu2204/pseudo_rgbd_slam/pseudo_rgbd_slam' returned '0': CONDA_PROMPT_MODIFIER=(slam_env) PYTHONPATH=/home/ubuntu2204/pseudo_rgbd_slam/build/pseudo_rgbd_slam/prefix_override:/usr/lib/python3/dist-packages/colcon_core/task/python/colcon_distutils_commands:/home/ubuntu2204/pseudo_rgbd_slam/install/pseudo_rgbd_slam/lib/python3.10/site-packages:${PYTHONPATH} /usr/bin/python3 -W ignore:setup.py install is deprecated -W ignore:easy_install command is deprecated setup.py egg_info --egg-base ../build/pseudo_rgbd_slam build --build-base /home/ubuntu2204/pseudo_rgbd_slam/build/pseudo_rgbd_slam/build install --record /home/ubuntu2204/pseudo_rgbd_slam/build/pseudo_rgbd_slam/install.log --single-version-externally-managed install_data
