running egg_info
writing ../build/pseudo_rgbd_slam/pseudo_rgbd_slam.egg-info/PKG-INFO
writing dependency_links to ../build/pseudo_rgbd_slam/pseudo_rgbd_slam.egg-info/dependency_links.txt
writing entry points to ../build/pseudo_rgbd_slam/pseudo_rgbd_slam.egg-info/entry_points.txt
writing requirements to ../build/pseudo_rgbd_slam/pseudo_rgbd_slam.egg-info/requires.txt
writing top-level names to ../build/pseudo_rgbd_slam/pseudo_rgbd_slam.egg-info/top_level.txt
reading manifest file '../build/pseudo_rgbd_slam/pseudo_rgbd_slam.egg-info/SOURCES.txt'
adding license file 'LICENSE'
writing manifest file '../build/pseudo_rgbd_slam/pseudo_rgbd_slam.egg-info/SOURCES.txt'
running build
running build_py
copying pseudo_rgbd_slam/node_a_broadcaster.py -> /home/ubuntu2204/pseudo_rgbd_slam/build/pseudo_rgbd_slam/build/lib/pseudo_rgbd_slam
running install
running install_lib
copying /home/ubuntu2204/pseudo_rgbd_slam/build/pseudo_rgbd_slam/build/lib/pseudo_rgbd_slam/node_a_broadcaster.py -> /home/ubuntu2204/pseudo_rgbd_slam/install/pseudo_rgbd_slam/lib/python3.10/site-packages/pseudo_rgbd_slam
byte-compiling /home/ubuntu2204/pseudo_rgbd_slam/install/pseudo_rgbd_slam/lib/python3.10/site-packages/pseudo_rgbd_slam/node_a_broadcaster.py to node_a_broadcaster.cpython-310.pyc
running install_data
running install_egg_info
removing '/home/ubuntu2204/pseudo_rgbd_slam/install/pseudo_rgbd_slam/lib/python3.10/site-packages/pseudo_rgbd_slam-0.0.0-py3.10.egg-info' (and everything under it)
Copying ../build/pseudo_rgbd_slam/pseudo_rgbd_slam.egg-info to /home/ubuntu2204/pseudo_rgbd_slam/install/pseudo_rgbd_slam/lib/python3.10/site-packages/pseudo_rgbd_slam-0.0.0-py3.10.egg-info
running install_scripts
Installing node_a_broadcaster script to /home/ubuntu2204/pseudo_rgbd_slam/install/pseudo_rgbd_slam/lib/pseudo_rgbd_slam
writing list of installed files to '/home/ubuntu2204/pseudo_rgbd_slam/build/pseudo_rgbd_slam/install.log'
